app/build/intermediates/manifest_merge_blame_file/debug/processDebugMainManifest/manifest-merger-blame-debug-report.txt
1<?xml version="1.0" encoding="utf-8"?>
2<manifest xmlns:android="http://schemas.android.com/apk/res/android"
3    package="com.example.uibasics"
4    android:versionCode="1"
5    android:versionName="1.0" >
6
7    <uses-sdk
8        android:minSdkVersion="29"
9        android:targetSdkVersion="34" />
10    <!-- Permissions -->
11    <uses-permission android:name="android.permission.WRITE_EXTERNAL_STORAGE" />
11-->src\main\AndroidManifest.xml:6:5-81
11-->src\main\AndroidManifest.xml:6:22-78
12    <uses-permission android:name="android.permission.READ_EXTERNAL_STORAGE" />
12-->src\main\AndroidManifest.xml:7:5-80
12-->src\main\AndroidManifest.xml:7:22-77
13
14    <permission
14-->[androidx.core:core:1.9.0] AndroidManifest.xml:22:5-24:47
15        android:name="com.example.uibasics.DYNAMIC_RECEIVER_NOT_EXPORTED_PERMISSION"
15-->[androidx.core:core:1.9.0] AndroidManifest.xml:23:9-81
16        android:protectionLevel="signature" />
16-->[androidx.core:core:1.9.0] AndroidManifest.xml:24:9-44
17
18    <uses-permission android:name="com.example.uibasics.DYNAMIC_RECEIVER_NOT_EXPORTED_PERMISSION" />
18-->[androidx.core:core:1.9.0] AndroidManifest.xml:26:5-97
18-->[androidx.core:core:1.9.0] AndroidManifest.xml:26:22-94
19
20    <application
20-->src\main\AndroidManifest.xml:9:5-63:19
21        android:allowBackup="true"
21-->src\main\AndroidManifest.xml:10:9-35
22        android:appComponentFactory="androidx.core.app.CoreComponentFactory"
22-->[androidx.core:core:1.9.0] AndroidManifest.xml:28:18-86
23        android:dataExtractionRules="@xml/data_extraction_rules"
23-->src\main\AndroidManifest.xml:11:9-65
24        android:debuggable="true"
25        android:extractNativeLibs="false"
26        android:fullBackupContent="@xml/backup_rules"
26-->src\main\AndroidManifest.xml:12:9-54
27        android:icon="@mipmap/app_icon"
27-->src\main\AndroidManifest.xml:13:9-40
28        android:label="@string/app_name"
28-->src\main\AndroidManifest.xml:14:9-41
29        android:roundIcon="@mipmap/app_icon_round"
29-->src\main\AndroidManifest.xml:15:9-51
30        android:supportsRtl="true"
30-->src\main\AndroidManifest.xml:16:9-35
31        android:testOnly="true"
32        android:theme="@style/Theme.LoginSystem" >
32-->src\main\AndroidManifest.xml:17:9-49
33        <activity
33-->src\main\AndroidManifest.xml:19:9-21:40
34            android:name="com.example.uibasics.AddItemToCart"
34-->src\main\AndroidManifest.xml:20:13-42
35            android:exported="false" />
35-->src\main\AndroidManifest.xml:21:13-37
36        <activity
36-->src\main\AndroidManifest.xml:22:9-24:40
37            android:name="com.example.uibasics.AddItemInventory"
37-->src\main\AndroidManifest.xml:23:13-45
38            android:exported="false" /> <!-- LoginActivity as the launcher activity -->
38-->src\main\AndroidManifest.xml:24:13-37
39        <activity
39-->src\main\AndroidManifest.xml:25:9-34:20
40            android:name="com.example.uibasics.LoginActivity"
40-->src\main\AndroidManifest.xml:26:13-42
41            android:exported="true"
41-->src\main\AndroidManifest.xml:27:13-36
42            android:theme="@style/Theme.LoginSystem" >
42-->src\main\AndroidManifest.xml:28:13-53
43            <intent-filter>
43-->src\main\AndroidManifest.xml:29:13-33:29
44                <action android:name="android.intent.action.MAIN" />
44-->src\main\AndroidManifest.xml:30:17-69
44-->src\main\AndroidManifest.xml:30:25-66
45
46                <category android:name="android.intent.category.LAUNCHER" />
46-->src\main\AndroidManifest.xml:32:17-77
46-->src\main\AndroidManifest.xml:32:27-74
47            </intent-filter>
48        </activity> <!-- Other activities -->
49        <activity
49-->src\main\AndroidManifest.xml:35:9-37:40
50            android:name="com.example.uibasics.SignUpActivityAdmin"
50-->src\main\AndroidManifest.xml:36:13-48
51            android:exported="false" />
51-->src\main\AndroidManifest.xml:37:13-37
52        <activity
52-->src\main\AndroidManifest.xml:38:9-40:40
53            android:name="com.example.uibasics.MainActivity"
53-->src\main\AndroidManifest.xml:39:13-41
54            android:exported="false" />
54-->src\main\AndroidManifest.xml:40:13-37
55        <activity
55-->src\main\AndroidManifest.xml:41:9-43:40
56            android:name="com.example.uibasics.ProductCart"
56-->src\main\AndroidManifest.xml:42:13-40
57            android:exported="false" />
57-->src\main\AndroidManifest.xml:43:13-37
58        <activity
58-->src\main\AndroidManifest.xml:44:9-46:40
59            android:name="com.example.uibasics.Inventory"
59-->src\main\AndroidManifest.xml:45:13-38
60            android:exported="false" /> <!-- Meta-data -->
60-->src\main\AndroidManifest.xml:46:13-37
61        <activity
61-->src\main\AndroidManifest.xml:47:9-49:40
62            android:name="com.example.uibasics.EditItemInventory"
62-->src\main\AndroidManifest.xml:48:13-46
63            android:exported="false" />
63-->src\main\AndroidManifest.xml:49:13-37
64        <activity
64-->src\main\AndroidManifest.xml:50:9-52:40
65            android:name="com.example.uibasics.SignUpActivityUser"
65-->src\main\AndroidManifest.xml:51:13-47
66            android:exported="false" />
66-->src\main\AndroidManifest.xml:52:13-37
67        <activity
67-->src\main\AndroidManifest.xml:53:9-55:40
68            android:name="com.example.uibasics.CartSummary"
68-->src\main\AndroidManifest.xml:54:13-40
69            android:exported="false" />
69-->src\main\AndroidManifest.xml:55:13-37
70        <activity
70-->src\main\AndroidManifest.xml:56:9-58:40
71            android:name="com.example.uibasics.ShoppingCart"
71-->src\main\AndroidManifest.xml:57:13-41
72            android:exported="false" />
72-->src\main\AndroidManifest.xml:58:13-37
73
74        <meta-data
74-->src\main\AndroidManifest.xml:60:9-62:57
75            android:name="preloaded_fonts"
75-->src\main\AndroidManifest.xml:61:13-43
76            android:resource="@array/preloaded_fonts" />
76-->src\main\AndroidManifest.xml:62:13-54
77
78        <provider
78-->[androidx.emoji2:emoji2:1.2.0] AndroidManifest.xml:24:9-32:20
79            android:name="androidx.startup.InitializationProvider"
79-->[androidx.emoji2:emoji2:1.2.0] AndroidManifest.xml:25:13-67
80            android:authorities="com.example.uibasics.androidx-startup"
80-->[androidx.emoji2:emoji2:1.2.0] AndroidManifest.xml:26:13-68
81            android:exported="false" >
81-->[androidx.emoji2:emoji2:1.2.0] AndroidManifest.xml:27:13-37
82            <meta-data
82-->[androidx.emoji2:emoji2:1.2.0] AndroidManifest.xml:29:13-31:52
83                android:name="androidx.emoji2.text.EmojiCompatInitializer"
83-->[androidx.emoji2:emoji2:1.2.0] AndroidManifest.xml:30:17-75
84                android:value="androidx.startup" />
84-->[androidx.emoji2:emoji2:1.2.0] AndroidManifest.xml:31:17-49
85            <meta-data
85-->[androidx.lifecycle:lifecycle-process:2.6.1] AndroidManifest.xml:29:13-31:52
86                android:name="androidx.lifecycle.ProcessLifecycleInitializer"
86-->[androidx.lifecycle:lifecycle-process:2.6.1] AndroidManifest.xml:30:17-78
87                android:value="androidx.startup" />
87-->[androidx.lifecycle:lifecycle-process:2.6.1] AndroidManifest.xml:31:17-49
88            <meta-data
88-->[androidx.profileinstaller:profileinstaller:1.3.0] AndroidManifest.xml:29:13-31:52
89                android:name="androidx.profileinstaller.ProfileInstallerInitializer"
89-->[androidx.profileinstaller:profileinstaller:1.3.0] AndroidManifest.xml:30:17-85
90                android:value="androidx.startup" />
90-->[androidx.profileinstaller:profileinstaller:1.3.0] AndroidManifest.xml:31:17-49
91        </provider>
92
93        <receiver
93-->[androidx.profileinstaller:profileinstaller:1.3.0] AndroidManifest.xml:34:9-52:20
94            android:name="androidx.profileinstaller.ProfileInstallReceiver"
94-->[androidx.profileinstaller:profileinstaller:1.3.0] AndroidManifest.xml:35:13-76
95            android:directBootAware="false"
95-->[androidx.profileinstaller:profileinstaller:1.3.0] AndroidManifest.xml:36:13-44
96            android:enabled="true"
96-->[androidx.profileinstaller:profileinstaller:1.3.0] AndroidManifest.xml:37:13-35
97            android:exported="true"
97-->[androidx.profileinstaller:profileinstaller:1.3.0] AndroidManifest.xml:38:13-36
98            android:permission="android.permission.DUMP" >
98-->[androidx.profileinstaller:profileinstaller:1.3.0] AndroidManifest.xml:39:13-57
99            <intent-filter>
99-->[androidx.profileinstaller:profileinstaller:1.3.0] AndroidManifest.xml:40:13-42:29
100                <action android:name="androidx.profileinstaller.action.INSTALL_PROFILE" />
100-->[androidx.profileinstaller:profileinstaller:1.3.0] AndroidManifest.xml:41:17-91
100-->[androidx.profileinstaller:profileinstaller:1.3.0] AndroidManifest.xml:41:25-88
101            </intent-filter>
102            <intent-filter>
102-->[androidx.profileinstaller:profileinstaller:1.3.0] AndroidManifest.xml:43:13-45:29
103                <action android:name="androidx.profileinstaller.action.SKIP_FILE" />
103-->[androidx.profileinstaller:profileinstaller:1.3.0] AndroidManifest.xml:44:17-85
103-->[androidx.profileinstaller:profileinstaller:1.3.0] AndroidManifest.xml:44:25-82
104            </intent-filter>
105            <intent-filter>
105-->[androidx.profileinstaller:profileinstaller:1.3.0] AndroidManifest.xml:46:13-48:29
106                <action android:name="androidx.profileinstaller.action.SAVE_PROFILE" />
106-->[androidx.profileinstaller:profileinstaller:1.3.0] AndroidManifest.xml:47:17-88
106-->[androidx.profileinstaller:profileinstaller:1.3.0] AndroidManifest.xml:47:25-85
107            </intent-filter>
108            <intent-filter>
108-->[androidx.profileinstaller:profileinstaller:1.3.0] AndroidManifest.xml:49:13-51:29
109                <action android:name="androidx.profileinstaller.action.BENCHMARK_OPERATION" />
109-->[androidx.profileinstaller:profileinstaller:1.3.0] AndroidManifest.xml:50:17-95
109-->[androidx.profileinstaller:profileinstaller:1.3.0] AndroidManifest.xml:50:25-92
110            </intent-filter>
111        </receiver>
112    </application>
113
114</manifest>